<?xml version="1.0" encoding="UTF-8"?>
<testsuite xmlns:xsi="http://www.w3.org/2001/XMLSchema-instance" xsi:noNamespaceSchemaLocation="https://maven.apache.org/surefire/maven-surefire-plugin/xsd/surefire-test-report.xsd" name="org.acme.ExampleResourceTest" time="3.631" tests="1" errors="0" skipped="0" failures="1">
  <properties>
[...]
</properties>
  <testcase name="testHelloEndpoint" classname="org.acme.ExampleResourceTest" time="1.532">
    <failure message="1 expectation failed.&#10;Expected status code &lt;200&gt; but was &lt;404&gt;.&#10;" type="java.lang.AssertionError"><![CDATA[java.lang.AssertionError: 
1 expectation failed.
Expected status code <200> but was <404>.

	at org.acme.ExampleResourceTest.testHelloEndpoint(ExampleResourceTest.java:17)
]]></failure>
    <system-out><![CDATA[2020-07-18 22:42:43,011 WARN  [io.qua.res.com.dep.ResteasyCommonProcessor] (build-18) Quarkus detected the need of REST JSON support but you have not provided the necessary JSON extension for this. You can visit https://quarkus.io/guides/rest-json for more information on how to set one.
2020-07-18 22:42:43,785 INFO  [io.quarkus] (main) Quarkus 1.6.0.Final on JVM started in 1.748s. Listening on: http://0.0.0.0:8081
2020-07-18 22:42:43,786 INFO  [io.quarkus] (main) Profile test activated. 
2020-07-18 22:42:43,786 INFO  [io.quarkus] (main) Installed features: [cdi, resteasy]
]]></system-out>
  </testcase>
</testsuite>